<?xml version="1.0" encoding="UTF-8"?>
<testng-results skipped="0" failed="0" ignored="0" total="10" passed="10">
  <reporter-output>
  </reporter-output>
  <suite name="Suite" duration-ms="31245" started-at="2022-10-06T15:08:26Z" finished-at="2022-10-06T15:08:57Z">
    <groups>
    </groups>
    <test name="Test" duration-ms="31245" started-at="2022-10-06T15:08:26Z" finished-at="2022-10-06T15:08:57Z">
      <class name="packOne.ClassFour">
        <test-method status="PASS" signature="ClassFourA()[pri:0, instance:packOne.ClassFour@66048bfd]" name="ClassFourA" duration-ms="7485" started-at="2022-10-06T15:08:50Z" finished-at="2022-10-06T15:08:57Z">
          <reporter-output>
          </reporter-output>
        </test-method> <!-- ClassFourA -->
        <test-method status="PASS" signature="ClassFourB()[pri:0, instance:packOne.ClassFour@66048bfd]" name="ClassFourB" duration-ms="0" started-at="2022-10-06T15:08:57Z" finished-at="2022-10-06T15:08:57Z">
          <reporter-output>
          </reporter-output>
        </test-method> <!-- ClassFourB -->
        <test-method status="PASS" signature="ClassFourD()[pri:0, instance:packOne.ClassFour@66048bfd]" name="ClassFourD" duration-ms="0" started-at="2022-10-06T15:08:57Z" finished-at="2022-10-06T15:08:57Z">
          <reporter-output>
          </reporter-output>
        </test-method> <!-- ClassFourD -->
        <test-method status="PASS" signature="ClassFourC()[pri:0, instance:packOne.ClassFour@66048bfd]" name="ClassFourC" duration-ms="0" started-at="2022-10-06T15:08:57Z" finished-at="2022-10-06T15:08:57Z">
          <reporter-output>
          </reporter-output>
        </test-method> <!-- ClassFourC -->
      </class> <!-- packOne.ClassFour -->
      <class name="packOne.ClassOne">
        <test-method status="PASS" signature="ClassOneA()[pri:0, instance:packOne.ClassOne@4b6995df]" name="ClassOneA" duration-ms="7681" started-at="2022-10-06T15:08:26Z" finished-at="2022-10-06T15:08:34Z">
          <reporter-output>
          </reporter-output>
        </test-method> <!-- ClassOneA -->
      </class> <!-- packOne.ClassOne -->
      <class name="packOne.ClassThree">
        <test-method status="PASS" signature="ClassThreeA()[pri:0, instance:packOne.ClassThree@591f989e]" name="ClassThreeA" duration-ms="6958" started-at="2022-10-06T15:08:43Z" finished-at="2022-10-06T15:08:50Z">
          <reporter-output>
          </reporter-output>
        </test-method> <!-- ClassThreeA -->
        <test-method status="PASS" signature="ClassThreeB()[pri:0, instance:packOne.ClassThree@591f989e]" name="ClassThreeB" duration-ms="0" started-at="2022-10-06T15:08:50Z" finished-at="2022-10-06T15:08:50Z">
          <reporter-output>
          </reporter-output>
        </test-method> <!-- ClassThreeB -->
        <test-method status="PASS" signature="ClassThreeC()[pri:0, instance:packOne.ClassThree@591f989e]" name="ClassThreeC" duration-ms="0" started-at="2022-10-06T15:08:50Z" finished-at="2022-10-06T15:08:50Z">
          <reporter-output>
          </reporter-output>
        </test-method> <!-- ClassThreeC -->
      </class> <!-- packOne.ClassThree -->
      <class name="packOne.ClassTwo">
        <test-method status="PASS" signature="ClassTwoA()[pri:0, instance:packOne.ClassTwo@2fc14f68]" name="ClassTwoA" duration-ms="9104" started-at="2022-10-06T15:08:34Z" finished-at="2022-10-06T15:08:43Z">
          <reporter-output>
          </reporter-output>
        </test-method> <!-- ClassTwoA -->
        <test-method status="PASS" signature="ClassTwoB()[pri:0, instance:packOne.ClassTwo@2fc14f68]" name="ClassTwoB" duration-ms="0" started-at="2022-10-06T15:08:43Z" finished-at="2022-10-06T15:08:43Z">
          <reporter-output>
          </reporter-output>
        </test-method> <!-- ClassTwoB -->
      </class> <!-- packOne.ClassTwo -->
    </test> <!-- Test -->
  </suite> <!-- Suite -->
</testng-results>
