<?xml version="1.0" encoding="UTF-8"?>
<!-- Generated by org.testng.reporters.JUnitXMLReporter -->
<testsuite ignored="0" hostname="LAPTOP-UPHIUFFT" failures="0" tests="10" name="Test" time="25.081" errors="0" timestamp="16 Sep 2022 13:55:42 GMT">
  <testcase classname="packOne.ClassOne" name="ClassOneA" time="6.147"/>
  <testcase classname="packOne.ClassTwo" name="ClassTwoA" time="7.507"/>
  <testcase classname="packOne.ClassTwo" name="ClassTwoB" time="0.001"/>
  <testcase classname="packOne.ClassThree" name="ClassThreeA" time="5.919"/>
  <testcase classname="packOne.ClassThree" name="ClassThreeB" time="0.001"/>
  <testcase classname="packOne.ClassThree" name="ClassThreeC" time="0.0"/>
  <testcase classname="packOne.ClassFour" name="ClassFourA" time="5.485"/>
  <testcase classname="packOne.ClassFour" name="ClassFourB" time="0.0"/>
  <testcase classname="packOne.ClassFour" name="ClassFourC" time="0.0"/>
  <testcase classname="packOne.ClassFour" name="ClassFourD" time="0.0"/>
</testsuite> <!-- Test -->
