<?xml version="1.0" encoding="UTF-8"?>
<testng-results ignored="0" total="10" passed="10" failed="0" skipped="0">
  <reporter-output>
  </reporter-output>
  <suite started-at="2022-09-16T13:55:17Z" name="Suite" finished-at="2022-09-16T13:55:42Z" duration-ms="25081">
    <groups>
    </groups>
    <test started-at="2022-09-16T13:55:17Z" name="Test" finished-at="2022-09-16T13:55:42Z" duration-ms="25081">
      <class name="packOne.ClassFour">
        <test-method signature="ClassFourA()[pri:0, instance:packOne.ClassFour@23348b5d]" started-at="2022-09-16T13:55:36Z" name="ClassFourA" finished-at="2022-09-16T13:55:42Z" duration-ms="5485" status="PASS">
          <reporter-output>
          </reporter-output>
        </test-method> <!-- ClassFourA -->
        <test-method signature="ClassFourB()[pri:0, instance:packOne.ClassFour@23348b5d]" started-at="2022-09-16T13:55:42Z" name="ClassFourB" finished-at="2022-09-16T13:55:42Z" duration-ms="0" status="PASS">
          <reporter-output>
          </reporter-output>
        </test-method> <!-- ClassFourB -->
        <test-method signature="ClassFourC()[pri:0, instance:packOne.ClassFour@23348b5d]" started-at="2022-09-16T13:55:42Z" name="ClassFourC" finished-at="2022-09-16T13:55:42Z" duration-ms="0" status="PASS">
          <reporter-output>
          </reporter-output>
        </test-method> <!-- ClassFourC -->
        <test-method signature="ClassFourD()[pri:0, instance:packOne.ClassFour@23348b5d]" started-at="2022-09-16T13:55:42Z" name="ClassFourD" finished-at="2022-09-16T13:55:42Z" duration-ms="0" status="PASS">
          <reporter-output>
          </reporter-output>
        </test-method> <!-- ClassFourD -->
      </class> <!-- packOne.ClassFour -->
      <class name="packOne.ClassOne">
        <test-method signature="ClassOneA()[pri:0, instance:packOne.ClassOne@55b0dcab]" started-at="2022-09-16T13:55:17Z" name="ClassOneA" finished-at="2022-09-16T13:55:23Z" duration-ms="6147" status="PASS">
          <reporter-output>
          </reporter-output>
        </test-method> <!-- ClassOneA -->
      </class> <!-- packOne.ClassOne -->
      <class name="packOne.ClassThree">
        <test-method signature="ClassThreeA()[pri:0, instance:packOne.ClassThree@2df3b89c]" started-at="2022-09-16T13:55:30Z" name="ClassThreeA" finished-at="2022-09-16T13:55:36Z" duration-ms="5919" status="PASS">
          <reporter-output>
          </reporter-output>
        </test-method> <!-- ClassThreeA -->
        <test-method signature="ClassThreeB()[pri:0, instance:packOne.ClassThree@2df3b89c]" started-at="2022-09-16T13:55:36Z" name="ClassThreeB" finished-at="2022-09-16T13:55:36Z" duration-ms="1" status="PASS">
          <reporter-output>
          </reporter-output>
        </test-method> <!-- ClassThreeB -->
        <test-method signature="ClassThreeC()[pri:0, instance:packOne.ClassThree@2df3b89c]" started-at="2022-09-16T13:55:36Z" name="ClassThreeC" finished-at="2022-09-16T13:55:36Z" duration-ms="0" status="PASS">
          <reporter-output>
          </reporter-output>
        </test-method> <!-- ClassThreeC -->
      </class> <!-- packOne.ClassThree -->
      <class name="packOne.ClassTwo">
        <test-method signature="ClassTwoA()[pri:0, instance:packOne.ClassTwo@38afe297]" started-at="2022-09-16T13:55:23Z" name="ClassTwoA" finished-at="2022-09-16T13:55:30Z" duration-ms="7507" status="PASS">
          <reporter-output>
          </reporter-output>
        </test-method> <!-- ClassTwoA -->
        <test-method signature="ClassTwoB()[pri:0, instance:packOne.ClassTwo@38afe297]" started-at="2022-09-16T13:55:30Z" name="ClassTwoB" finished-at="2022-09-16T13:55:30Z" duration-ms="1" status="PASS">
          <reporter-output>
          </reporter-output>
        </test-method> <!-- ClassTwoB -->
      </class> <!-- packOne.ClassTwo -->
    </test> <!-- Test -->
  </suite> <!-- Suite -->
</testng-results>
